<?xml version="1.0" encoding="UTF-8"?>
<!-- Generated by org.testng.reporters.JUnitReportReporter -->
<testsuite hostname="Asplap1493" failures="0" tests="1" name="com.inetBanking.testCases.TC001_LoginTest" time="3.944" errors="0" timestamp="2023-01-24T20:23:19 IST" skipped="0">
  <testcase classname="com.inetBanking.testCases.TC001_LoginTest" name="loginTest" time="3.944"/>
  <system-out/>
</testsuite> <!-- com.inetBanking.testCases.TC001_LoginTest -->
