<?xml version="1.0" encoding="UTF-8"?>
<!-- Generated by org.testng.reporters.JUnitReportReporter -->
<testsuite hostname="Asplap1493" failures="0" tests="1" name="com.inetBanking.testCases.TC003_AddCustomer" time="18.729" errors="0" timestamp="2023-01-24T20:23:19 IST" skipped="0">
  <testcase classname="com.inetBanking.testCases.TC003_AddCustomer" name="addCustomer" time="18.729"/>
  <system-out/>
</testsuite> <!-- com.inetBanking.testCases.TC003_AddCustomer -->
